2021-12-05 13:06:51,111:INFO:Initializing load_model()
2021-12-05 13:06:51,113:INFO:load_model(model_name=../model/Arousal_0.8, platform=None, authentication=None, verbose=True)
2021-12-05 13:06:51,883:INFO:Initializing load_model()
2021-12-05 13:06:51,883:INFO:load_model(model_name=../model/Valence_0.8, platform=None, authentication=None, verbose=True)
2021-12-05 13:06:52,049:INFO:Initializing predict_model()
2021-12-05 13:06:52,050:INFO:predict_model(estimator=Pipeline(steps=[('dtypes',
                 DataTypes_Auto_infer(ml_usecase='classification',
                                      numerical_features=['mean', 'std',
                                                          'skewness',
                                                          'kurotosis',
                                                          'hjorth_mob',
                                                          'hjorth_com', 'hurst',
                                                          'dfa', 'hfd', 'pfd',
                                                          'MAX_PSD', 'MAX_freq',
                                                          'RMS'],
                                      target='label')),
                ('imputer',
                 Simple_Imputer(categorical_strategy='not_available',
                                fill_value_categorical=None,
                                fill_value_numerical=None,
                                numer...
                                                             importance_type='gain',
                                                             interaction_constraints='',
                                                             learning_rate=0.300000012,
                                                             max_delta_step=0,
                                                             max_depth=6,
                                                             min_child_weight=1,
                                                             missing=nan,
                                                             monotone_constraints='()',
                                                             n_estimators=100,
                                                             n_jobs=-1,
                                                             num_parallel_tree=1,
                                                             random_state=3166,
                                                             reg_alpha=0,
                                                             reg_lambda=1,
                                                             scale_pos_weight=1,
                                                             subsample=1,
                                                             tree_method='auto',
                                                             validate_parameters=1,
                                                             verbosity=0))],
                                  n_jobs=-1, voting='soft')]]), probability_threshold=None, encoded_labels=False, raw_score=False, round=4, verbose=True, ml_usecase=MLUsecase.CLASSIFICATION, display=None)
2021-12-05 13:06:52,058:INFO:Checking exceptions
2021-12-05 13:06:52,058:INFO:Preloading libraries
2021-12-05 13:06:52,291:INFO:Initializing predict_model()
2021-12-05 13:06:52,291:INFO:predict_model(estimator=Pipeline(steps=[('dtypes',
                 DataTypes_Auto_infer(ml_usecase='classification',
                                      numerical_features=['mean', 'std',
                                                          'skewness',
                                                          'kurotosis',
                                                          'hjorth_mob',
                                                          'hjorth_com', 'hurst',
                                                          'dfa', 'hfd', 'pfd',
                                                          'MAX_PSD', 'MAX_freq',
                                                          'RMS'],
                                      target='label')),
                ('imputer',
                 Simple_Imputer(categorical_strategy='not_available',
                                fill_value_categorical=None,
                                fill_value_numerical=None,
                                numer...
                ('feature_select', 'passthrough'), ('fix_multi', 'passthrough'),
                ('dfs', 'passthrough'), ('pca', 'passthrough'),
                ['trained_model',
                 VotingClassifier(estimators=[('et',
                                               ExtraTreesClassifier(n_jobs=-1,
                                                                    random_state=8172)),
                                              ('rf',
                                               RandomForestClassifier(n_jobs=-1,
                                                                      random_state=8172)),
                                              ('lightgbm',
                                               LGBMClassifier(random_state=8172,
                                                              silent='warn'))],
                                  n_jobs=-1, voting='soft')]]), probability_threshold=None, encoded_labels=False, raw_score=False, round=4, verbose=True, ml_usecase=MLUsecase.CLASSIFICATION, display=None)
2021-12-05 13:06:52,292:INFO:Checking exceptions
2021-12-05 13:06:52,292:INFO:Preloading libraries
2021-12-05 13:08:11,999:INFO:Initializing load_model()
2021-12-05 13:08:11,999:INFO:load_model(model_name=../model/Arousal_0.8, platform=None, authentication=None, verbose=True)
2021-12-05 13:08:12,981:INFO:Initializing load_model()
2021-12-05 13:08:12,981:INFO:load_model(model_name=../model/Valence_0.8, platform=None, authentication=None, verbose=True)
2021-12-05 13:08:13,413:INFO:Initializing predict_model()
2021-12-05 13:08:13,413:INFO:predict_model(estimator=Pipeline(steps=[('dtypes',
                 DataTypes_Auto_infer(ml_usecase='classification',
                                      numerical_features=['mean', 'std',
                                                          'skewness',
                                                          'kurotosis',
                                                          'hjorth_mob',
                                                          'hjorth_com', 'hurst',
                                                          'dfa', 'hfd', 'pfd',
                                                          'MAX_PSD', 'MAX_freq',
                                                          'RMS'],
                                      target='label')),
                ('imputer',
                 Simple_Imputer(categorical_strategy='not_available',
                                fill_value_categorical=None,
                                fill_value_numerical=None,
                                numer...
                                                             importance_type='gain',
                                                             interaction_constraints='',
                                                             learning_rate=0.300000012,
                                                             max_delta_step=0,
                                                             max_depth=6,
                                                             min_child_weight=1,
                                                             missing=nan,
                                                             monotone_constraints='()',
                                                             n_estimators=100,
                                                             n_jobs=-1,
                                                             num_parallel_tree=1,
                                                             random_state=3166,
                                                             reg_alpha=0,
                                                             reg_lambda=1,
                                                             scale_pos_weight=1,
                                                             subsample=1,
                                                             tree_method='auto',
                                                             validate_parameters=1,
                                                             verbosity=0))],
                                  n_jobs=-1, voting='soft')]]), probability_threshold=None, encoded_labels=False, raw_score=False, round=4, verbose=True, ml_usecase=MLUsecase.CLASSIFICATION, display=None)
2021-12-05 13:08:13,414:INFO:Checking exceptions
2021-12-05 13:08:13,414:INFO:Preloading libraries
2021-12-05 13:08:13,884:INFO:Initializing predict_model()
2021-12-05 13:08:13,884:INFO:predict_model(estimator=Pipeline(steps=[('dtypes',
                 DataTypes_Auto_infer(ml_usecase='classification',
                                      numerical_features=['mean', 'std',
                                                          'skewness',
                                                          'kurotosis',
                                                          'hjorth_mob',
                                                          'hjorth_com', 'hurst',
                                                          'dfa', 'hfd', 'pfd',
                                                          'MAX_PSD', 'MAX_freq',
                                                          'RMS'],
                                      target='label')),
                ('imputer',
                 Simple_Imputer(categorical_strategy='not_available',
                                fill_value_categorical=None,
                                fill_value_numerical=None,
                                numer...
                ('feature_select', 'passthrough'), ('fix_multi', 'passthrough'),
                ('dfs', 'passthrough'), ('pca', 'passthrough'),
                ['trained_model',
                 VotingClassifier(estimators=[('et',
                                               ExtraTreesClassifier(n_jobs=-1,
                                                                    random_state=8172)),
                                              ('rf',
                                               RandomForestClassifier(n_jobs=-1,
                                                                      random_state=8172)),
                                              ('lightgbm',
                                               LGBMClassifier(random_state=8172,
                                                              silent='warn'))],
                                  n_jobs=-1, voting='soft')]]), probability_threshold=None, encoded_labels=False, raw_score=False, round=4, verbose=True, ml_usecase=MLUsecase.CLASSIFICATION, display=None)
2021-12-05 13:08:13,885:INFO:Checking exceptions
2021-12-05 13:08:13,885:INFO:Preloading libraries
